


ARM Macro Assembler    Page 1 


    1 00000000         ; ******************************************************
                       ********************************
    2 00000000         ; * File Name    startup_gw1ns4c.s
    3 00000000         ; * Author       GowinSemiconductor
    4 00000000         ; * Device       Gowin_EMPU(GW1NS-4C)
    5 00000000         ; * Description  GW1NS-4C Devices vector table for ARM t
                       oolchain
    6 00000000         ; *              This module performs:
    7 00000000         ; *                - Set the initial SP
    8 00000000         ; *                - Set the initial PC == Reset_Handler
                       
    9 00000000         ; *                - Set the vector table entries with e
                       xceptions ISR address
   10 00000000         ; *                - Configure the system clock
   11 00000000         ; *                - Branches to __main in the C library
                       (which eventually calls main())
   12 00000000         ; *              After Reset the Cortex-M3 processor is 
                       in Thread mode,
   13 00000000         ; *              priority is Privileged and the Stach is
                        set to Main
   14 00000000         ; ******************************************************
                       **********************************
   15 00000000         
   16 00000000         ; <h> Stack Configuration
   17 00000000         ;   <o> Stack Size (in Bytes) <0x0-0xFFFFFFFF:8>
   18 00000000         ; </h>
   19 00000000         
   20 00000000 00000400 
                       Stack_Size
                               EQU              0x00000400
   21 00000000         
   22 00000000                 AREA             STACK, NOINIT, READWRITE, ALIGN
=3
   23 00000000         Stack_Mem
                               SPACE            Stack_Size
   24 00000400         __initial_sp
   25 00000400         
   26 00000400         
   27 00000400         ; <h> Heap Configuration
   28 00000400         ;   <o>  Heap Size (in Bytes) <0x0-0xFFFFFFFF:8>
   29 00000400         ; </h>
   30 00000400         
   31 00000400 00000200 
                       Heap_Size
                               EQU              0x00000200
   32 00000400         
   33 00000400                 AREA             HEAP, NOINIT, READWRITE, ALIGN=
3
   34 00000000         __heap_base
   35 00000000         Heap_Mem
                               SPACE            Heap_Size
   36 00000200         __heap_limit
   37 00000200         
   38 00000200         
   39 00000200                 PRESERVE8
   40 00000200                 THUMB
   41 00000200         
   42 00000200         
   43 00000200         ; Vector Table Mapped to Address 0 at Reset



ARM Macro Assembler    Page 2 


   44 00000200         
   45 00000200                 AREA             RESET, DATA, READONLY
   46 00000000                 EXPORT           __Vectors
   47 00000000                 EXPORT           __Vectors_End
   48 00000000                 EXPORT           __Vectors_Size
   49 00000000         
   50 00000000 00000000 
                       __Vectors
                               DCD              __initial_sp ; Top of Stack
   51 00000004 00000000        DCD              Reset_Handler ; Reset Handler
   52 00000008 00000000        DCD              NMI_Handler ; NMI Handler
   53 0000000C 00000000        DCD              HardFault_Handler ; Hard Fault 
                                                            Handler
   54 00000010 00000000        DCD              MemManage_Handler 
                                                            ; MPU Fault Handler
                                                            
   55 00000014 00000000        DCD              BusFault_Handler 
                                                            ; Bus Fault Handler
                                                            
   56 00000018 00000000        DCD              UsageFault_Handler ; Usage Faul
                                                            t Handler
   57 0000001C 00000000        DCD              0           ; Reserved
   58 00000020 00000000        DCD              0           ; Reserved
   59 00000024 00000000        DCD              0           ; Reserved
   60 00000028 00000000        DCD              0           ; Reserved
   61 0000002C 00000000        DCD              SVC_Handler ; SVCall Handler
   62 00000030 00000000        DCD              DebugMon_Handler ; Debug Monito
                                                            r Handler
   63 00000034 00000000        DCD              0           ; Reserved
   64 00000038 00000000        DCD              PendSV_Handler ; PendSV Handler
                                                            
   65 0000003C 00000000        DCD              SysTick_Handler 
                                                            ; SysTick Handler
   66 00000040         
   67 00000040         ; External Interrupts
   68 00000040 00000000        DCD              UART0_Handler ; [0] UART 0 RX a
                                                            nd TX Handler
   69 00000044 00000000        DCD              USER_INT0_Handler ; [1] Interru
                                                            pt handler 0 to use
                                                            r extension 
   70 00000048 00000000        DCD              UART1_Handler ; [2] UART 1 RX a
                                                            nd TX Handler
   71 0000004C 00000000        DCD              USER_INT1_Handler ; [3] Interru
                                                            pt handler 1 to use
                                                            r extension
   72 00000050 00000000        DCD              USER_INT2_Handler ; [4] Interru
                                                            pt handler 2 to use
                                                            r extension
   73 00000054 00000000        DCD              RTC_Handler ; [5] Reserved
   74 00000058 00000000        DCD              PORT0_COMB_Handler ; [6] GPIO P
                                                            ort 0 Combined Hand
                                                            ler
   75 0000005C 00000000        DCD              USER_INT3_Handler ; [7] Interru
                                                            pt handler 3 to use
                                                            r extension
   76 00000060 00000000        DCD              TIMER0_Handler ; [8] TIMER 0 ha
                                                            ndler
   77 00000064 00000000        DCD              TIMER1_Handler ; [9] TIMER 1 ha
                                                            ndler



ARM Macro Assembler    Page 3 


   78 00000068 00000000        DCD              0           ; [10] Reserved
   79 0000006C 00000000        DCD              I2C_Handler ; [11] I2C handler
   80 00000070 00000000        DCD              UARTOVF_Handler ; [12] UART 0,1
                                                             Overflow Handler
   81 00000074 00000000        DCD              USER_INT4_Handler ; [13] Interr
                                                            upt handler 4 to us
                                                            er extension
   82 00000078 00000000        DCD              USER_INT5_Handler ; [14] Interr
                                                            upt handler 5 to us
                                                            er extension
   83 0000007C 00000000        DCD              Spare15_Handler ; [15] Not Used
                                                            
   84 00000080 00000000        DCD              PORT0_0_Handler ; [16] GPIO Por
                                                            t 0 pin 0 Handler
   85 00000084 00000000        DCD              PORT0_1_Handler ; [17] GPIO Por
                                                            t 0 pin 1 Handler
   86 00000088 00000000        DCD              PORT0_2_Handler ; [18] GPIO Por
                                                            t 0 pin 2 Handler
   87 0000008C 00000000        DCD              PORT0_3_Handler ; [19] GPIO Por
                                                            t 0 pin 3 Handler
   88 00000090 00000000        DCD              PORT0_4_Handler ; [20] GPIO Por
                                                            t 0 pin 4 Handler
   89 00000094 00000000        DCD              PORT0_5_Handler ; [21] GPIO Por
                                                            t 0 pin 5 Handler
   90 00000098 00000000        DCD              PORT0_6_Handler ; [22] GPIO Por
                                                            t 0 pin 6 Handler
   91 0000009C 00000000        DCD              PORT0_7_Handler ; [23] GPIO Por
                                                            t 0 pin 7 Handler
   92 000000A0 00000000        DCD              PORT0_8_Handler ; [24] GPIO Por
                                                            t 0 pin 8 Handler
   93 000000A4 00000000        DCD              PORT0_9_Handler ; [25] GPIO Por
                                                            t 0 pin 9 Handler
   94 000000A8 00000000        DCD              PORT0_10_Handler ; [26] GPIO Po
                                                            rt 0 pin 10 Handler
                                                            
   95 000000AC 00000000        DCD              PORT0_11_Handler ; [27] GPIO Po
                                                            rt 0 pin 11 Handler
                                                            
   96 000000B0 00000000        DCD              PORT0_12_Handler ; [28] GPIO Po
                                                            rt 0 pin 12 Handler
                                                            
   97 000000B4 00000000        DCD              PORT0_13_Handler ; [29] GPIO Po
                                                            rt 0 pin 13 Handler
                                                            
   98 000000B8 00000000        DCD              PORT0_14_Handler ; [30] GPIO Po
                                                            rt 0 pin 14 Handler
                                                            
   99 000000BC 00000000        DCD              PORT0_15_Handler ; [31] GPIO Po
                                                            rt 0 pin 15 Handler
                                                            
  100 000000C0         __Vectors_End
  101 000000C0         
  102 000000C0 000000C0 
                       __Vectors_Size
                               EQU              __Vectors_End - __Vectors
  103 000000C0         
  104 000000C0                 AREA             |.text|, CODE, READONLY
  105 00000000         
  106 00000000         



ARM Macro Assembler    Page 4 


  107 00000000         ; Reset Handler
  108 00000000         ; Branches to __main in the C library(which eventually c
                       alls main())
  109 00000000         Reset_Handler
                               PROC
  110 00000000                 EXPORT           Reset_Handler             [WEAK
]
  111 00000000                 IMPORT           SystemInit
  112 00000000                 IMPORT           __main
  113 00000000 4809            LDR              R0, =SystemInit
  114 00000002 4780            BLX              R0
  115 00000004 4809            LDR              R0, =__main
  116 00000006 4700            BX               R0
  117 00000008                 ENDP
  118 00000008         
  119 00000008         
  120 00000008         ; Dummy Exception Handlers (infinite loops which can be 
                       modified)
  121 00000008         
  122 00000008         NMI_Handler
                               PROC
  123 00000008                 EXPORT           NMI_Handler               [WEAK
]
  124 00000008 E7FE            B                .
  125 0000000A                 ENDP
  127 0000000A         HardFault_Handler
                               PROC
  128 0000000A                 EXPORT           HardFault_Handler         [WEAK
]
  129 0000000A E7FE            B                .
  130 0000000C                 ENDP
  132 0000000C         MemManage_Handler
                               PROC
  133 0000000C                 EXPORT           MemManage_Handler         [WEAK
]
  134 0000000C E7FE            B                .
  135 0000000E                 ENDP
  137 0000000E         BusFault_Handler
                               PROC
  138 0000000E                 EXPORT           BusFault_Handler          [WEAK
]
  139 0000000E E7FE            B                .
  140 00000010                 ENDP
  142 00000010         UsageFault_Handler
                               PROC
  143 00000010                 EXPORT           UsageFault_Handler        [WEAK
]
  144 00000010 E7FE            B                .
  145 00000012                 ENDP
  146 00000012         SVC_Handler
                               PROC
  147 00000012                 EXPORT           SVC_Handler               [WEAK
]
  148 00000012 E7FE            B                .
  149 00000014                 ENDP
  151 00000014         DebugMon_Handler
                               PROC
  152 00000014                 EXPORT           DebugMon_Handler          [WEAK
]



ARM Macro Assembler    Page 5 


  153 00000014 E7FE            B                .
  154 00000016                 ENDP
  156 00000016         PendSV_Handler
                               PROC
  157 00000016                 EXPORT           PendSV_Handler            [WEAK
]
  158 00000016 E7FE            B                .
  159 00000018                 ENDP
  161 00000018         SysTick_Handler
                               PROC
  162 00000018                 EXPORT           SysTick_Handler           [WEAK
]
  163 00000018 E7FE            B                .
  164 0000001A                 ENDP
  165 0000001A         
  166 0000001A         Default_Handler
                               PROC
  167 0000001A                 EXPORT           UART0_Handler              [WEA
K]
  168 0000001A                 EXPORT           USER_INT0_Handler          [WEA
K]
  169 0000001A                 EXPORT           UART1_Handler              [WEA
K]
  170 0000001A                 EXPORT           USER_INT1_Handler          [WEA
K]
  171 0000001A                 EXPORT           USER_INT2_Handler          [WEA
K]
  172 0000001A                 EXPORT           RTC_Handler                [WEA
K]
  173 0000001A                 EXPORT           PORT0_COMB_Handler         [WEA
K]
  174 0000001A                 EXPORT           USER_INT3_Handler          [WEA
K]
  175 0000001A                 EXPORT           TIMER0_Handler             [WEA
K]
  176 0000001A                 EXPORT           TIMER1_Handler             [WEA
K]
  177 0000001A                 EXPORT           I2C_Handler                [WEA
K]
  178 0000001A                 EXPORT           UARTOVF_Handler            [WEA
K]
  179 0000001A                 EXPORT           USER_INT4_Handler          [WEA
K]
  180 0000001A                 EXPORT           USER_INT5_Handler          [WEA
K]
  181 0000001A                 EXPORT           Spare15_Handler            [WEA
K]
  182 0000001A                 EXPORT           PORT0_0_Handler            [WEA
K]
  183 0000001A                 EXPORT           PORT0_1_Handler            [WEA
K]
  184 0000001A                 EXPORT           PORT0_2_Handler            [WEA
K]
  185 0000001A                 EXPORT           PORT0_3_Handler            [WEA
K]
  186 0000001A                 EXPORT           PORT0_4_Handler            [WEA
K]
  187 0000001A                 EXPORT           PORT0_5_Handler            [WEA
K]



ARM Macro Assembler    Page 6 


  188 0000001A                 EXPORT           PORT0_6_Handler            [WEA
K]
  189 0000001A                 EXPORT           PORT0_7_Handler            [WEA
K]
  190 0000001A                 EXPORT           PORT0_8_Handler            [WEA
K]
  191 0000001A                 EXPORT           PORT0_9_Handler            [WEA
K]
  192 0000001A                 EXPORT           PORT0_10_Handler           [WEA
K]
  193 0000001A                 EXPORT           PORT0_11_Handler           [WEA
K]
  194 0000001A                 EXPORT           PORT0_12_Handler           [WEA
K]
  195 0000001A                 EXPORT           PORT0_13_Handler           [WEA
K]
  196 0000001A                 EXPORT           PORT0_14_Handler           [WEA
K]
  197 0000001A                 EXPORT           PORT0_15_Handler           [WEA
K]
  198 0000001A         
  199 0000001A         UART0_Handler
  200 0000001A         USER_INT0_Handler
  201 0000001A         UART1_Handler
  202 0000001A         USER_INT1_Handler
  203 0000001A         USER_INT2_Handler
  204 0000001A         RTC_Handler
  205 0000001A         PORT0_COMB_Handler
  206 0000001A         USER_INT3_Handler
  207 0000001A         TIMER0_Handler
  208 0000001A         TIMER1_Handler
  209 0000001A         I2C_Handler
  210 0000001A         UARTOVF_Handler
  211 0000001A         USER_INT4_Handler
  212 0000001A         USER_INT5_Handler
  213 0000001A         Spare15_Handler
  214 0000001A         PORT0_0_Handler
  215 0000001A         PORT0_1_Handler
  216 0000001A         PORT0_2_Handler
  217 0000001A         PORT0_3_Handler
  218 0000001A         PORT0_4_Handler
  219 0000001A         PORT0_5_Handler
  220 0000001A         PORT0_6_Handler
  221 0000001A         PORT0_7_Handler
  222 0000001A         PORT0_8_Handler
  223 0000001A         PORT0_9_Handler
  224 0000001A         PORT0_10_Handler
  225 0000001A         PORT0_11_Handler
  226 0000001A         PORT0_12_Handler
  227 0000001A         PORT0_13_Handler
  228 0000001A         PORT0_14_Handler
  229 0000001A         PORT0_15_Handler
  230 0000001A E7FE            B                .
  231 0000001C         
  232 0000001C                 ENDP
  233 0000001C         
  234 0000001C         
  235 0000001C                 ALIGN
  236 0000001C         



ARM Macro Assembler    Page 7 


  237 0000001C         ;*******************************************************
                       
  238 0000001C         ; User Initial Stack and Heap
  239 0000001C         ;*******************************************************
                       
  240 0000001C         
  241 0000001C                 IF               :DEF:__MICROLIB
  248 0000001C         
  249 0000001C                 IMPORT           __use_two_region_memory
  250 0000001C                 EXPORT           __user_initial_stackheap
  251 0000001C         
  252 0000001C         __user_initial_stackheap
                               PROC
  253 0000001C 4804            LDR              R0, =  Heap_Mem
  254 0000001E 4905            LDR              R1, =(Stack_Mem + Stack_Size)
  255 00000020 4A05            LDR              R2, = (Heap_Mem +  Heap_Size)
  256 00000022 4B06            LDR              R3, = Stack_Mem
  257 00000024 4770            BX               LR
  258 00000026                 ENDP
  259 00000026         
  260 00000026 00 00           ALIGN
  261 00000028         
  262 00000028                 ENDIF
  263 00000028         
  264 00000028         
  265 00000028                 END
              00000000 
              00000000 
              00000000 
              00000400 
              00000200 
              00000000 
Command Line: --debug --xref --diag_suppress=9931 --cpu=Cortex-M3 --apcs=interw
ork --depend=.\objects\startup_gw1ns4c.d -o.\objects\startup_gw1ns4c.o -IC:\Kei
l\ARM\PACK\ARM\CMSIS\5.8.0\Device\ARM\ARMCM3\Include -IC:\Keil\ARM\CMSIS\Includ
e --predefine="__UVISION_VERSION SETA 536" --predefine="ARMCM3 SETA 1" --list=.
\listings\startup_gw1ns4c.lst ..\STARTUP\startup_gw1ns4c.s



ARM Macro Assembler    Page 1 Alphabetic symbol ordering
Relocatable symbols

STACK 00000000

Symbol: STACK
   Definitions
      At line 22 in file ..\STARTUP\startup_gw1ns4c.s
   Uses
      None
Comment: STACK unused
Stack_Mem 00000000

Symbol: Stack_Mem
   Definitions
      At line 23 in file ..\STARTUP\startup_gw1ns4c.s
   Uses
      At line 254 in file ..\STARTUP\startup_gw1ns4c.s
      At line 256 in file ..\STARTUP\startup_gw1ns4c.s

__initial_sp 00000400

Symbol: __initial_sp
   Definitions
      At line 24 in file ..\STARTUP\startup_gw1ns4c.s
   Uses
      At line 50 in file ..\STARTUP\startup_gw1ns4c.s
Comment: __initial_sp used once
3 symbols



ARM Macro Assembler    Page 1 Alphabetic symbol ordering
Relocatable symbols

HEAP 00000000

Symbol: HEAP
   Definitions
      At line 33 in file ..\STARTUP\startup_gw1ns4c.s
   Uses
      None
Comment: HEAP unused
Heap_Mem 00000000

Symbol: Heap_Mem
   Definitions
      At line 35 in file ..\STARTUP\startup_gw1ns4c.s
   Uses
      At line 253 in file ..\STARTUP\startup_gw1ns4c.s
      At line 255 in file ..\STARTUP\startup_gw1ns4c.s

__heap_base 00000000

Symbol: __heap_base
   Definitions
      At line 34 in file ..\STARTUP\startup_gw1ns4c.s
   Uses
      None
Comment: __heap_base unused
__heap_limit 00000200

Symbol: __heap_limit
   Definitions
      At line 36 in file ..\STARTUP\startup_gw1ns4c.s
   Uses
      None
Comment: __heap_limit unused
4 symbols



ARM Macro Assembler    Page 1 Alphabetic symbol ordering
Relocatable symbols

RESET 00000000

Symbol: RESET
   Definitions
      At line 45 in file ..\STARTUP\startup_gw1ns4c.s
   Uses
      None
Comment: RESET unused
__Vectors 00000000

Symbol: __Vectors
   Definitions
      At line 50 in file ..\STARTUP\startup_gw1ns4c.s
   Uses
      At line 46 in file ..\STARTUP\startup_gw1ns4c.s
      At line 102 in file ..\STARTUP\startup_gw1ns4c.s

__Vectors_End 000000C0

Symbol: __Vectors_End
   Definitions
      At line 100 in file ..\STARTUP\startup_gw1ns4c.s
   Uses
      At line 47 in file ..\STARTUP\startup_gw1ns4c.s
      At line 102 in file ..\STARTUP\startup_gw1ns4c.s

3 symbols



ARM Macro Assembler    Page 1 Alphabetic symbol ordering
Relocatable symbols

.text 00000000

Symbol: .text
   Definitions
      At line 104 in file ..\STARTUP\startup_gw1ns4c.s
   Uses
      None
Comment: .text unused
BusFault_Handler 0000000E

Symbol: BusFault_Handler
   Definitions
      At line 137 in file ..\STARTUP\startup_gw1ns4c.s
   Uses
      At line 55 in file ..\STARTUP\startup_gw1ns4c.s
      At line 138 in file ..\STARTUP\startup_gw1ns4c.s

DebugMon_Handler 00000014

Symbol: DebugMon_Handler
   Definitions
      At line 151 in file ..\STARTUP\startup_gw1ns4c.s
   Uses
      At line 62 in file ..\STARTUP\startup_gw1ns4c.s
      At line 152 in file ..\STARTUP\startup_gw1ns4c.s

Default_Handler 0000001A

Symbol: Default_Handler
   Definitions
      At line 166 in file ..\STARTUP\startup_gw1ns4c.s
   Uses
      None
Comment: Default_Handler unused
HardFault_Handler 0000000A

Symbol: HardFault_Handler
   Definitions
      At line 127 in file ..\STARTUP\startup_gw1ns4c.s
   Uses
      At line 53 in file ..\STARTUP\startup_gw1ns4c.s
      At line 128 in file ..\STARTUP\startup_gw1ns4c.s

I2C_Handler 0000001A

Symbol: I2C_Handler
   Definitions
      At line 209 in file ..\STARTUP\startup_gw1ns4c.s
   Uses
      At line 79 in file ..\STARTUP\startup_gw1ns4c.s
      At line 177 in file ..\STARTUP\startup_gw1ns4c.s

MemManage_Handler 0000000C

Symbol: MemManage_Handler
   Definitions
      At line 132 in file ..\STARTUP\startup_gw1ns4c.s
   Uses
      At line 54 in file ..\STARTUP\startup_gw1ns4c.s



ARM Macro Assembler    Page 2 Alphabetic symbol ordering
Relocatable symbols

      At line 133 in file ..\STARTUP\startup_gw1ns4c.s

NMI_Handler 00000008

Symbol: NMI_Handler
   Definitions
      At line 122 in file ..\STARTUP\startup_gw1ns4c.s
   Uses
      At line 52 in file ..\STARTUP\startup_gw1ns4c.s
      At line 123 in file ..\STARTUP\startup_gw1ns4c.s

PORT0_0_Handler 0000001A

Symbol: PORT0_0_Handler
   Definitions
      At line 214 in file ..\STARTUP\startup_gw1ns4c.s
   Uses
      At line 84 in file ..\STARTUP\startup_gw1ns4c.s
      At line 182 in file ..\STARTUP\startup_gw1ns4c.s

PORT0_10_Handler 0000001A

Symbol: PORT0_10_Handler
   Definitions
      At line 224 in file ..\STARTUP\startup_gw1ns4c.s
   Uses
      At line 94 in file ..\STARTUP\startup_gw1ns4c.s
      At line 192 in file ..\STARTUP\startup_gw1ns4c.s

PORT0_11_Handler 0000001A

Symbol: PORT0_11_Handler
   Definitions
      At line 225 in file ..\STARTUP\startup_gw1ns4c.s
   Uses
      At line 95 in file ..\STARTUP\startup_gw1ns4c.s
      At line 193 in file ..\STARTUP\startup_gw1ns4c.s

PORT0_12_Handler 0000001A

Symbol: PORT0_12_Handler
   Definitions
      At line 226 in file ..\STARTUP\startup_gw1ns4c.s
   Uses
      At line 96 in file ..\STARTUP\startup_gw1ns4c.s
      At line 194 in file ..\STARTUP\startup_gw1ns4c.s

PORT0_13_Handler 0000001A

Symbol: PORT0_13_Handler
   Definitions
      At line 227 in file ..\STARTUP\startup_gw1ns4c.s
   Uses
      At line 97 in file ..\STARTUP\startup_gw1ns4c.s
      At line 195 in file ..\STARTUP\startup_gw1ns4c.s

PORT0_14_Handler 0000001A

Symbol: PORT0_14_Handler



ARM Macro Assembler    Page 3 Alphabetic symbol ordering
Relocatable symbols

   Definitions
      At line 228 in file ..\STARTUP\startup_gw1ns4c.s
   Uses
      At line 98 in file ..\STARTUP\startup_gw1ns4c.s
      At line 196 in file ..\STARTUP\startup_gw1ns4c.s

PORT0_15_Handler 0000001A

Symbol: PORT0_15_Handler
   Definitions
      At line 229 in file ..\STARTUP\startup_gw1ns4c.s
   Uses
      At line 99 in file ..\STARTUP\startup_gw1ns4c.s
      At line 197 in file ..\STARTUP\startup_gw1ns4c.s

PORT0_1_Handler 0000001A

Symbol: PORT0_1_Handler
   Definitions
      At line 215 in file ..\STARTUP\startup_gw1ns4c.s
   Uses
      At line 85 in file ..\STARTUP\startup_gw1ns4c.s
      At line 183 in file ..\STARTUP\startup_gw1ns4c.s

PORT0_2_Handler 0000001A

Symbol: PORT0_2_Handler
   Definitions
      At line 216 in file ..\STARTUP\startup_gw1ns4c.s
   Uses
      At line 86 in file ..\STARTUP\startup_gw1ns4c.s
      At line 184 in file ..\STARTUP\startup_gw1ns4c.s

PORT0_3_Handler 0000001A

Symbol: PORT0_3_Handler
   Definitions
      At line 217 in file ..\STARTUP\startup_gw1ns4c.s
   Uses
      At line 87 in file ..\STARTUP\startup_gw1ns4c.s
      At line 185 in file ..\STARTUP\startup_gw1ns4c.s

PORT0_4_Handler 0000001A

Symbol: PORT0_4_Handler
   Definitions
      At line 218 in file ..\STARTUP\startup_gw1ns4c.s
   Uses
      At line 88 in file ..\STARTUP\startup_gw1ns4c.s
      At line 186 in file ..\STARTUP\startup_gw1ns4c.s

PORT0_5_Handler 0000001A

Symbol: PORT0_5_Handler
   Definitions
      At line 219 in file ..\STARTUP\startup_gw1ns4c.s
   Uses
      At line 89 in file ..\STARTUP\startup_gw1ns4c.s
      At line 187 in file ..\STARTUP\startup_gw1ns4c.s



ARM Macro Assembler    Page 4 Alphabetic symbol ordering
Relocatable symbols


PORT0_6_Handler 0000001A

Symbol: PORT0_6_Handler
   Definitions
      At line 220 in file ..\STARTUP\startup_gw1ns4c.s
   Uses
      At line 90 in file ..\STARTUP\startup_gw1ns4c.s
      At line 188 in file ..\STARTUP\startup_gw1ns4c.s

PORT0_7_Handler 0000001A

Symbol: PORT0_7_Handler
   Definitions
      At line 221 in file ..\STARTUP\startup_gw1ns4c.s
   Uses
      At line 91 in file ..\STARTUP\startup_gw1ns4c.s
      At line 189 in file ..\STARTUP\startup_gw1ns4c.s

PORT0_8_Handler 0000001A

Symbol: PORT0_8_Handler
   Definitions
      At line 222 in file ..\STARTUP\startup_gw1ns4c.s
   Uses
      At line 92 in file ..\STARTUP\startup_gw1ns4c.s
      At line 190 in file ..\STARTUP\startup_gw1ns4c.s

PORT0_9_Handler 0000001A

Symbol: PORT0_9_Handler
   Definitions
      At line 223 in file ..\STARTUP\startup_gw1ns4c.s
   Uses
      At line 93 in file ..\STARTUP\startup_gw1ns4c.s
      At line 191 in file ..\STARTUP\startup_gw1ns4c.s

PORT0_COMB_Handler 0000001A

Symbol: PORT0_COMB_Handler
   Definitions
      At line 205 in file ..\STARTUP\startup_gw1ns4c.s
   Uses
      At line 74 in file ..\STARTUP\startup_gw1ns4c.s
      At line 173 in file ..\STARTUP\startup_gw1ns4c.s

PendSV_Handler 00000016

Symbol: PendSV_Handler
   Definitions
      At line 156 in file ..\STARTUP\startup_gw1ns4c.s
   Uses
      At line 64 in file ..\STARTUP\startup_gw1ns4c.s
      At line 157 in file ..\STARTUP\startup_gw1ns4c.s

RTC_Handler 0000001A

Symbol: RTC_Handler
   Definitions



ARM Macro Assembler    Page 5 Alphabetic symbol ordering
Relocatable symbols

      At line 204 in file ..\STARTUP\startup_gw1ns4c.s
   Uses
      At line 73 in file ..\STARTUP\startup_gw1ns4c.s
      At line 172 in file ..\STARTUP\startup_gw1ns4c.s

Reset_Handler 00000000

Symbol: Reset_Handler
   Definitions
      At line 109 in file ..\STARTUP\startup_gw1ns4c.s
   Uses
      At line 51 in file ..\STARTUP\startup_gw1ns4c.s
      At line 110 in file ..\STARTUP\startup_gw1ns4c.s

SVC_Handler 00000012

Symbol: SVC_Handler
   Definitions
      At line 146 in file ..\STARTUP\startup_gw1ns4c.s
   Uses
      At line 61 in file ..\STARTUP\startup_gw1ns4c.s
      At line 147 in file ..\STARTUP\startup_gw1ns4c.s

Spare15_Handler 0000001A

Symbol: Spare15_Handler
   Definitions
      At line 213 in file ..\STARTUP\startup_gw1ns4c.s
   Uses
      At line 83 in file ..\STARTUP\startup_gw1ns4c.s
      At line 181 in file ..\STARTUP\startup_gw1ns4c.s

SysTick_Handler 00000018

Symbol: SysTick_Handler
   Definitions
      At line 161 in file ..\STARTUP\startup_gw1ns4c.s
   Uses
      At line 65 in file ..\STARTUP\startup_gw1ns4c.s
      At line 162 in file ..\STARTUP\startup_gw1ns4c.s

TIMER0_Handler 0000001A

Symbol: TIMER0_Handler
   Definitions
      At line 207 in file ..\STARTUP\startup_gw1ns4c.s
   Uses
      At line 76 in file ..\STARTUP\startup_gw1ns4c.s
      At line 175 in file ..\STARTUP\startup_gw1ns4c.s

TIMER1_Handler 0000001A

Symbol: TIMER1_Handler
   Definitions
      At line 208 in file ..\STARTUP\startup_gw1ns4c.s
   Uses
      At line 77 in file ..\STARTUP\startup_gw1ns4c.s
      At line 176 in file ..\STARTUP\startup_gw1ns4c.s




ARM Macro Assembler    Page 6 Alphabetic symbol ordering
Relocatable symbols

UART0_Handler 0000001A

Symbol: UART0_Handler
   Definitions
      At line 199 in file ..\STARTUP\startup_gw1ns4c.s
   Uses
      At line 68 in file ..\STARTUP\startup_gw1ns4c.s
      At line 167 in file ..\STARTUP\startup_gw1ns4c.s

UART1_Handler 0000001A

Symbol: UART1_Handler
   Definitions
      At line 201 in file ..\STARTUP\startup_gw1ns4c.s
   Uses
      At line 70 in file ..\STARTUP\startup_gw1ns4c.s
      At line 169 in file ..\STARTUP\startup_gw1ns4c.s

UARTOVF_Handler 0000001A

Symbol: UARTOVF_Handler
   Definitions
      At line 210 in file ..\STARTUP\startup_gw1ns4c.s
   Uses
      At line 80 in file ..\STARTUP\startup_gw1ns4c.s
      At line 178 in file ..\STARTUP\startup_gw1ns4c.s

USER_INT0_Handler 0000001A

Symbol: USER_INT0_Handler
   Definitions
      At line 200 in file ..\STARTUP\startup_gw1ns4c.s
   Uses
      At line 69 in file ..\STARTUP\startup_gw1ns4c.s
      At line 168 in file ..\STARTUP\startup_gw1ns4c.s

USER_INT1_Handler 0000001A

Symbol: USER_INT1_Handler
   Definitions
      At line 202 in file ..\STARTUP\startup_gw1ns4c.s
   Uses
      At line 71 in file ..\STARTUP\startup_gw1ns4c.s
      At line 170 in file ..\STARTUP\startup_gw1ns4c.s

USER_INT2_Handler 0000001A

Symbol: USER_INT2_Handler
   Definitions
      At line 203 in file ..\STARTUP\startup_gw1ns4c.s
   Uses
      At line 72 in file ..\STARTUP\startup_gw1ns4c.s
      At line 171 in file ..\STARTUP\startup_gw1ns4c.s

USER_INT3_Handler 0000001A

Symbol: USER_INT3_Handler
   Definitions
      At line 206 in file ..\STARTUP\startup_gw1ns4c.s



ARM Macro Assembler    Page 7 Alphabetic symbol ordering
Relocatable symbols

   Uses
      At line 75 in file ..\STARTUP\startup_gw1ns4c.s
      At line 174 in file ..\STARTUP\startup_gw1ns4c.s

USER_INT4_Handler 0000001A

Symbol: USER_INT4_Handler
   Definitions
      At line 211 in file ..\STARTUP\startup_gw1ns4c.s
   Uses
      At line 81 in file ..\STARTUP\startup_gw1ns4c.s
      At line 179 in file ..\STARTUP\startup_gw1ns4c.s

USER_INT5_Handler 0000001A

Symbol: USER_INT5_Handler
   Definitions
      At line 212 in file ..\STARTUP\startup_gw1ns4c.s
   Uses
      At line 82 in file ..\STARTUP\startup_gw1ns4c.s
      At line 180 in file ..\STARTUP\startup_gw1ns4c.s

UsageFault_Handler 00000010

Symbol: UsageFault_Handler
   Definitions
      At line 142 in file ..\STARTUP\startup_gw1ns4c.s
   Uses
      At line 56 in file ..\STARTUP\startup_gw1ns4c.s
      At line 143 in file ..\STARTUP\startup_gw1ns4c.s

__user_initial_stackheap 0000001C

Symbol: __user_initial_stackheap
   Definitions
      At line 252 in file ..\STARTUP\startup_gw1ns4c.s
   Uses
      At line 250 in file ..\STARTUP\startup_gw1ns4c.s
Comment: __user_initial_stackheap used once
44 symbols



ARM Macro Assembler    Page 1 Alphabetic symbol ordering
Absolute symbols

Heap_Size 00000200

Symbol: Heap_Size
   Definitions
      At line 31 in file ..\STARTUP\startup_gw1ns4c.s
   Uses
      At line 35 in file ..\STARTUP\startup_gw1ns4c.s
      At line 255 in file ..\STARTUP\startup_gw1ns4c.s

Stack_Size 00000400

Symbol: Stack_Size
   Definitions
      At line 20 in file ..\STARTUP\startup_gw1ns4c.s
   Uses
      At line 23 in file ..\STARTUP\startup_gw1ns4c.s
      At line 254 in file ..\STARTUP\startup_gw1ns4c.s

__Vectors_Size 000000C0

Symbol: __Vectors_Size
   Definitions
      At line 102 in file ..\STARTUP\startup_gw1ns4c.s
   Uses
      At line 48 in file ..\STARTUP\startup_gw1ns4c.s
Comment: __Vectors_Size used once
3 symbols



ARM Macro Assembler    Page 1 Alphabetic symbol ordering
External symbols

SystemInit 00000000

Symbol: SystemInit
   Definitions
      At line 111 in file ..\STARTUP\startup_gw1ns4c.s
   Uses
      At line 113 in file ..\STARTUP\startup_gw1ns4c.s
Comment: SystemInit used once
__main 00000000

Symbol: __main
   Definitions
      At line 112 in file ..\STARTUP\startup_gw1ns4c.s
   Uses
      At line 115 in file ..\STARTUP\startup_gw1ns4c.s
Comment: __main used once
__use_two_region_memory 00000000

Symbol: __use_two_region_memory
   Definitions
      At line 249 in file ..\STARTUP\startup_gw1ns4c.s
   Uses
      None
Comment: __use_two_region_memory unused
3 symbols
396 symbols in table
